#
# A fatal error has been detected by the Java Runtime Environment:
#
#  SIGSEGV (0xb) at pc=0x000000010da28961, pid=1887, tid=0x0000000000001103
#
# JRE version: Java(TM) SE Runtime Environment (8.0_271-b09) (build 1.8.0_271-b09)
# Java VM: Java HotSpot(TM) 64-Bit Server VM (25.271-b09 mixed mode bsd-amd64 compressed oops)
# Problematic frame:
# C  [rsession+0x7f8961]  _ZN13rstudio_boost4asio12placeholders17bytes_transferredEv+0x176ab1
#
# Failed to write core dump. Core dumps have been disabled. To enable core dumping, try "ulimit -c unlimited" before starting Java again
#
# If you would like to submit a bug report, please visit:
#   http://bugreport.java.com/bugreport/crash.jsp
#

---------------  T H R E A D  ---------------

Current thread is native thread

siginfo: si_signo: 11 (SIGSEGV), si_code: 0 (unknown), si_addr: 0x0000000000000000

Registers:
RAX=0x0000000000000800, RBX=0x00007ff7f0f1c870, RCX=0x700007ff7f0f1da4, RDX=0x0000000000000000
RSP=0x0000700008bf3ad0, RBP=0x0000700008bf3b50, RSI=0x0000000000000000, RDI=0x00007ff7f0c10d40
R8 =0x000000000001ae18, R9 =0xffffffff00000000, R10=0x00007ff7f0c10d58, R11=0x00007ff7f0f8ec00
R12=0x0000700008bf3bc0, R13=0x0000700008bf3d40, R14=0x000000010de1a6d0, R15=0x00007ff7f0c10d40
RIP=0x000000010da28961, EFLAGS=0x0000000000010206, ERR=0x0000000000000000
  TRAPNO=0x000000000000000d

Top of Stack: (sp=0x0000700008bf3ad0)
0x0000700008bf3ad0:   00007ff7f327b250 0000000000000031
0x0000700008bf3ae0:   0000000000000024 00007ff7f0fe8240
0x0000700008bf3af0:   00007ff7f327b250 0000000000000000
0x0000700008bf3b00:   0000000000000000 00007ff7f0f55e40
0x0000700008bf3b10:   00007ff7f327b250 0000000000000031
0x0000700008bf3b20:   0000000000000024 00007ff7f0f55e40
0x0000700008bf3b30:   00007ff7f0f1c870 0000700008bf3cb0
0x0000700008bf3b40:   0000700008bf3c28 0000700008bf3e00
0x0000700008bf3b50:   0000700008bf3c10 000000010da257ef
0x0000700008bf3b60:   000000010de02e00 00007ff7f0f33640
0x0000700008bf3b70:   0000700008bf3bf0 00007fff2013a7aa
0x0000700008bf3b80:   0000000000000031 0000000000000024
0x0000700008bf3b90:   00007ff7f0fb3d90 00007ff7f327b250
0x0000700008bf3ba0:   0000000000000031 0000000000000024
0x0000700008bf3bb0:   00007ff7f0f0f380 00007ff7f327b250
0x0000700008bf3bc0:   000000010de09368 00007ff7f0f047e0
0x0000700008bf3bd0:   0000000000000000 000000010e38e000
0x0000700008bf3be0:   000000010de02e00 00007ff7f0f04ce0
0x0000700008bf3bf0:   0000000000000030 0000000000000030
0x0000700008bf3c00:   00007ff7f327b358 00007ff7f327b250
0x0000700008bf3c10:   0000700008bf3c50 000000010da2ffff
0x0000700008bf3c20:   198f4ff42784001a 0000000000000031
0x0000700008bf3c30:   0000000000000024 00007ff7f0f0f6c0
0x0000700008bf3c40:   00007ff7f327b250 00007ff7f327b358
0x0000700008bf3c50:   0000700008bf3ca0 000000010da2d159
0x0000700008bf3c60:   198f4ff42784001a 0000700008bf3cb0
0x0000700008bf3c70:   0000700008bf3ca0 0000000000000000
0x0000700008bf3c80:   0000000000000000 0000000000000000
0x0000700008bf3c90:   00007ff7f327b250 00007ff7f327b358
0x0000700008bf3ca0:   0000700008bf3cf0 000000010da7206b
0x0000700008bf3cb0:   0000000000000000 0000000000000000
0x0000700008bf3cc0:   0000000000000000 00007ff7f327b250 

Instructions: (pc=0x000000010da28961)
0x000000010da28941:   00 00 49 8b 4e 28 49 8b 46 40 49 03 46 48 48 89
0x000000010da28951:   c2 48 c1 ea 07 48 8b 0c d1 83 e0 7f 48 c1 e0 05
0x000000010da28961:   48 c7 04 01 00 00 00 00 49 8b 1c 24 48 85 db 74
0x000000010da28971:   40 48 8d 14 01 48 89 1a f6 c3 01 75 16 48 83 e3 

Register to memory mapping:

RAX=0x0000000000000800 is an unknown value
RBX=0x00007ff7f0f1c870 is an unknown value
RCX=0x700007ff7f0f1da4 is an unknown value
RDX=0x0000000000000000 is an unknown value
RSP=0x0000700008bf3ad0 is an unknown value
RBP=0x0000700008bf3b50 is an unknown value
RSI=0x0000000000000000 is an unknown value
RDI=0x00007ff7f0c10d40 is an unknown value
R8 =0x000000000001ae18 is an unknown value
R9 =0xffffffff00000000 is an unknown value
R10=0x00007ff7f0c10d58 is an unknown value
R11=0x00007ff7f0f8ec00 is an unknown value
R12=0x0000700008bf3bc0 is an unknown value
R13=0x0000700008bf3d40 is an unknown value
R14=0x000000010de1a6d0: _ZN13rstudio_boost9date_time14date_names_putINS_9gregorian17greg_facet_configEwNSt3__119ostreambuf_iteratorIwNS4_11char_traitsIwEEEEE2idE+0x4340 in /Applications/RStudio.app/Contents/MacOS/rsession at 0x000000010d230000
R15=0x00007ff7f0c10d40 is an unknown value


Stack: [0x0000700008b74000,0x0000700008bf4000],  sp=0x0000700008bf3ad0,  free space=510k
Native frames: (J=compiled Java code, j=interpreted, Vv=VM code, C=native code)
C  [rsession+0x7f8961]  _ZN13rstudio_boost4asio12placeholders17bytes_transferredEv+0x176ab1
C  [rsession+0x7f57ef]  _ZN13rstudio_boost4asio12placeholders17bytes_transferredEv+0x17393f
C  [rsession+0x7fffff]  _ZN13rstudio_boost4asio12placeholders17bytes_transferredEv+0x17e14f
C  [rsession+0x7fd159]  _ZN13rstudio_boost4asio12placeholders17bytes_transferredEv+0x17b2a9
C  [rsession+0x84206b]  _ZN13rstudio_boost4asio6detail24descriptor_write_op_baseINS0_15const_buffers_1EE10do_performEPNS1_10reactor_opE+0x584b
C  [rsession+0x7f7ee9]  _ZN13rstudio_boost4asio12placeholders17bytes_transferredEv+0x176039
C  [rsession+0x8420fa]  _ZN13rstudio_boost4asio6detail24descriptor_write_op_baseINS0_15const_buffers_1EE10do_performEPNS1_10reactor_opE+0x58da
C  [rsession+0x7f3365]  _ZN13rstudio_boost4asio12placeholders17bytes_transferredEv+0x1714b5
C  [rsession+0x974a58]  _ZN13rstudio_boost4asio6detail24descriptor_write_op_baseINS0_15const_buffers_1EE10do_performEPNS1_10reactor_opE+0x138238
C  [libsystem_pthread.dylib+0x6950]  _pthread_start+0xe0
C  [libsystem_pthread.dylib+0x247b]  thread_start+0xf


---------------  P R O C E S S  ---------------

VM state:not at safepoint (normal execution)

VM Mutex/Monitor currently owned by a thread: None

heap address: 0x0000000790000000, size: 768 MB, Compressed Oops mode: Zero based, Oop shift amount: 3
Narrow klass base: 0x0000000000000000, Narrow klass shift: 3
Compressed class space size: 1073741824 Address: 0x00000007c0000000

Heap:
 PSYoungGen      total 175104K, used 56692K [0x00000007b0000000, 0x00000007c0000000, 0x00000007c0000000)
  eden space 88064K, 63% used [0x00000007b0000000,0x00000007b36f5110,0x00000007b5600000)
  from space 87040K, 0% used [0x00000007b5600000,0x00000007b5668000,0x00000007bab00000)
  to   space 87040K, 0% used [0x00000007bab00000,0x00000007bab00000,0x00000007c0000000)
 ParOldGen       total 524288K, used 420395K [0x0000000790000000, 0x00000007b0000000, 0x00000007b0000000)
  object space 524288K, 80% used [0x0000000790000000,0x00000007a9a8af50,0x00000007b0000000)
 Metaspace       used 4979K, capacity 5736K, committed 6016K, reserved 1056768K
  class space    used 557K, capacity 596K, committed 640K, reserved 1048576K

Card table byte_map: [0x000000011329d000,0x000000011341e000] byte_map_base: 0x000000010f61d000

Marking Bits: (ParMarkBitMap*) 0x00000001123ee768
 Begin Bits: [0x000000012c1a5000, 0x000000012cda5000)
 End Bits:   [0x000000012cda5000, 0x000000012d9a5000)

Polling page: 0x0000000112ec7000

CodeCache: size=245760Kb used=7993Kb max_used=7993Kb free=237766Kb
 bounds [0x000000011d1a5000, 0x000000011d995000, 0x000000012c1a5000]
 total_blobs=1211 nmethods=946 adapters=176
 compilation: enabled

Compilation events (10 events):
Event: 23.158 Thread 0x00007ff7e6688800  946       1       java.util.ArrayList::elementData (7 bytes)
Event: 23.158 Thread 0x00007ff7f2f90000  945       4       java.util.ArrayList::rangeCheck (22 bytes)
Event: 23.158 Thread 0x00007ff7e6688800 nmethod 946 0x000000011d914490 code [0x000000011d9145e0, 0x000000011d914710]
Event: 23.158 Thread 0x00007ff7f2f90000 nmethod 945 0x000000011d831790 code [0x000000011d8318e0, 0x000000011d831958]
Event: 23.162 Thread 0x00007ff7f48fb000  947       4       java.util.regex.Pattern::matches (16 bytes)
Event: 23.171 Thread 0x00007ff7f48fb000 nmethod 947 0x000000011d8d5490 code [0x000000011d8d5680, 0x000000011d8d5fb8]
Event: 23.198 Thread 0x00007ff7e9812800  948       3       kr.ac.kaist.swrc.jhannanum.plugin.MajorPlugin.PosTagger.HmmPosTagger.PhraseTag::getPhraseTag (1273 bytes)
Event: 23.199 Thread 0x00007ff7fcb56000  949       4       java.lang.String::matches (6 bytes)
Event: 23.199 Thread 0x00007ff7fcb56000 nmethod 949 0x000000011d914210 code [0x000000011d914360, 0x000000011d9143e8]
Event: 23.201 Thread 0x00007ff7e9812800 nmethod 948 0x000000011d983090 code [0x000000011d983a80, 0x000000011d98ce08]

GC Heap History (10 events):
Event: 21.189 GC heap before
{Heap before GC invocations=15 (full 3):
 PSYoungGen      total 175104K, used 109088K [0x00000007b0000000, 0x00000007c0000000, 0x00000007c0000000)
  eden space 88064K, 100% used [0x00000007b0000000,0x00000007b5600000,0x00000007b5600000)
  from space 87040K, 24% used [0x00000007b5600000,0x00000007b6a88000,0x00000007bab00000)
  to   space 87040K, 0% used [0x00000007bab00000,0x00000007bab00000,0x00000007c0000000)
 ParOldGen       total 524288K, used 387915K [0x0000000790000000, 0x00000007b0000000, 0x00000007b0000000)
  object space 524288K, 73% used [0x0000000790000000,0x00000007a7ad2c00,0x00000007b0000000)
 Metaspace       used 4912K, capacity 5736K, committed 6016K, reserved 1056768K
  class space    used 554K, capacity 596K, committed 640K, reserved 1048576K
Event: 21.211 GC heap after
Heap after GC invocations=15 (full 3):
 PSYoungGen      total 175104K, used 13042K [0x00000007b0000000, 0x00000007c0000000, 0x00000007c0000000)
  eden space 88064K, 0% used [0x00000007b0000000,0x00000007b0000000,0x00000007b5600000)
  from space 87040K, 14% used [0x00000007bab00000,0x00000007bb7bc818,0x00000007c0000000)
  to   space 87040K, 0% used [0x00000007b5600000,0x00000007b5600000,0x00000007bab00000)
 ParOldGen       total 524288K, used 408819K [0x0000000790000000, 0x00000007b0000000, 0x00000007b0000000)
  object space 524288K, 77% used [0x0000000790000000,0x00000007a8f3cc00,0x00000007b0000000)
 Metaspace       used 4912K, capacity 5736K, committed 6016K, reserved 1056768K
  class space    used 554K, capacity 596K, committed 640K, reserved 1048576K
}
Event: 21.455 GC heap before
{Heap before GC invocations=16 (full 3):
 PSYoungGen      total 175104K, used 101106K [0x00000007b0000000, 0x00000007c0000000, 0x00000007c0000000)
  eden space 88064K, 100% used [0x00000007b0000000,0x00000007b5600000,0x00000007b5600000)
  from space 87040K, 14% used [0x00000007bab00000,0x00000007bb7bc818,0x00000007c0000000)
  to   space 87040K, 0% used [0x00000007b5600000,0x00000007b5600000,0x00000007bab00000)
 ParOldGen       total 524288K, used 408819K [0x0000000790000000, 0x00000007b0000000, 0x00000007b0000000)
  object space 524288K, 77% used [0x0000000790000000,0x00000007a8f3cc00,0x00000007b0000000)
 Metaspace       used 4959K, capacity 5736K, committed 6016K, reserved 1056768K
  class space    used 555K, capacity 596K, committed 640K, reserved 1048576K
Event: 21.466 GC heap after
Heap after GC invocations=16 (full 3):
 PSYoungGen      total 175104K, used 512K [0x00000007b0000000, 0x00000007c0000000, 0x00000007c0000000)
  eden space 88064K, 0% used [0x00000007b0000000,0x00000007b0000000,0x00000007b5600000)
  from space 87040K, 0% used [0x00000007b5600000,0x00000007b5680000,0x00000007bab00000)
  to   space 87040K, 0% used [0x00000007bab00000,0x00000007bab00000,0x00000007c0000000)
 ParOldGen       total 524288K, used 420779K [0x0000000790000000, 0x00000007b0000000, 0x00000007b0000000)
  object space 524288K, 80% used [0x0000000790000000,0x00000007a9aeafc0,0x00000007b0000000)
 Metaspace       used 4959K, capacity 5736K, committed 6016K, reserved 1056768K
  class space    used 555K, capacity 596K, committed 640K, reserved 1048576K
}
Event: 21.466 GC heap before
{Heap before GC invocations=17 (full 4):
 PSYoungGen      total 175104K, used 512K [0x00000007b0000000, 0x00000007c0000000, 0x00000007c0000000)
  eden space 88064K, 0% used [0x00000007b0000000,0x00000007b0000000,0x00000007b5600000)
  from space 87040K, 0% used [0x00000007b5600000,0x00000007b5680000,0x00000007bab00000)
  to   space 87040K, 0% used [0x00000007bab00000,0x00000007bab00000,0x00000007c0000000)
 ParOldGen       total 524288K, used 420779K [0x0000000790000000, 0x00000007b0000000, 0x00000007b0000000)
  object space 524288K, 80% used [0x0000000790000000,0x00000007a9aeafc0,0x00000007b0000000)
 Metaspace       used 4959K, capacity 5736K, committed 6016K, reserved 1056768K
  class space    used 555K, capacity 596K, committed 640K, reserved 1048576K
Event: 22.618 GC heap after
Heap after GC invocations=17 (full 4):
 PSYoungGen      total 175104K, used 0K [0x00000007b0000000, 0x00000007c0000000, 0x00000007c0000000)
  eden space 88064K, 0% used [0x00000007b0000000,0x00000007b0000000,0x00000007b5600000)
  from space 87040K, 0% used [0x00000007b5600000,0x00000007b5600000,0x00000007bab00000)
  to   space 87040K, 0% used [0x00000007bab00000,0x00000007bab00000,0x00000007c0000000)
 ParOldGen       total 524288K, used 420259K [0x0000000790000000, 0x00000007b0000000, 0x00000007b0000000)
  object space 524288K, 80% used [0x0000000790000000,0x00000007a9a68f50,0x00000007b0000000)
 Metaspace       used 4959K, capacity 5736K, committed 6016K, reserved 1056768K
  class space    used 555K, capacity 596K, committed 640K, reserved 1048576K
}
Event: 22.843 GC heap before
{Heap before GC invocations=18 (full 4):
 PSYoungGen      total 175104K, used 88064K [0x00000007b0000000, 0x00000007c0000000, 0x00000007c0000000)
  eden space 88064K, 100% used [0x00000007b0000000,0x00000007b5600000,0x00000007b5600000)
  from space 87040K, 0% used [0x00000007b5600000,0x00000007b5600000,0x00000007bab00000)
  to   space 87040K, 0% used [0x00000007bab00000,0x00000007bab00000,0x00000007c0000000)
 ParOldGen       total 524288K, used 420259K [0x0000000790000000, 0x00000007b0000000, 0x00000007b0000000)
  object space 524288K, 80% used [0x0000000790000000,0x00000007a9a68f50,0x00000007b0000000)
 Metaspace       used 4970K, capacity 5736K, committed 6016K, reserved 1056768K
  class space    used 555K, capacity 596K, committed 640K, reserved 1048576K
Event: 22.845 GC heap after
Heap after GC invocations=18 (full 4):
 PSYoungGen      total 175104K, used 544K [0x00000007b0000000, 0x00000007c0000000, 0x00000007c0000000)
  eden space 88064K, 0% used [0x00000007b0000000,0x00000007b0000000,0x00000007b5600000)
  from space 87040K, 0% used [0x00000007bab00000,0x00000007bab88000,0x00000007c0000000)
  to   space 87040K, 0% used [0x00000007b5600000,0x00000007b5600000,0x00000007bab00000)
 ParOldGen       total 524288K, used 420267K [0x0000000790000000, 0x00000007b0000000, 0x00000007b0000000)
  object space 524288K, 80% used [0x0000000790000000,0x00000007a9a6af50,0x00000007b0000000)
 Metaspace       used 4970K, capacity 5736K, committed 6016K, reserved 1056768K
  class space    used 555K, capacity 596K, committed 640K, reserved 1048576K
}
Event: 23.085 GC heap before
{Heap before GC invocations=19 (full 4):
 PSYoungGen      total 175104K, used 88608K [0x00000007b0000000, 0x00000007c0000000, 0x00000007c0000000)
  eden space 88064K, 100% used [0x00000007b0000000,0x00000007b5600000,0x00000007b5600000)
  from space 87040K, 0% used [0x00000007bab00000,0x00000007bab88000,0x00000007c0000000)
  to   space 87040K, 0% used [0x00000007b5600000,0x00000007b5600000,0x00000007bab00000)
 ParOldGen       total 524288K, used 420267K [0x0000000790000000, 0x00000007b0000000, 0x00000007b0000000)
  object space 524288K, 80% used [0x0000000790000000,0x00000007a9a6af50,0x00000007b0000000)
 Metaspace       used 4977K, capacity 5736K, committed 6016K, reserved 1056768K
  class space    used 557K, capacity 596K, committed 640K, reserved 1048576K
Event: 23.087 GC heap after
Heap after GC invocations=19 (full 4):
 PSYoungGen      total 175104K, used 416K [0x00000007b0000000, 0x00000007c0000000, 0x00000007c0000000)
  eden space 88064K, 0% used [0x00000007b0000000,0x00000007b0000000,0x00000007b5600000)
  from space 87040K, 0% used [0x00000007b5600000,0x00000007b5668000,0x00000007bab00000)
  to   space 87040K, 0% used [0x00000007bab00000,0x00000007bab00000,0x00000007c0000000)
 ParOldGen       total 524288K, used 420395K [0x0000000790000000, 0x00000007b0000000, 0x00000007b0000000)
  object space 524288K, 80% used [0x0000000790000000,0x00000007a9a8af50,0x00000007b0000000)
 Metaspace       used 4977K, capacity 5736K, committed 6016K, reserved 1056768K
  class space    used 557K, capacity 596K, committed 640K, reserved 1048576K
}

Deoptimization events (10 events):
Event: 22.741 Thread 0x00007ff7f4909800 Uncommon trap: reason=array_check action=maybe_recompile pc=0x000000011d7bd110 method=java.util.LinkedList.toArray([Ljava/lang/Object;)[Ljava/lang/Object; @ 55
Event: 22.741 Thread 0x00007ff7f4909800 Uncommon trap: reason=array_check action=maybe_recompile pc=0x000000011d7bd110 method=java.util.LinkedList.toArray([Ljava/lang/Object;)[Ljava/lang/Object; @ 55
Event: 22.757 Thread 0x00007ff7f4909800 Uncommon trap: reason=unstable_if action=reinterpret pc=0x000000011d857a08 method=kr.ac.kaist.swrc.jhannanum.plugin.MajorPlugin.MorphAnalyzer.ChartMorphAnalyzer.Exp.rule_NP(ILjava/lang/String;Ljava/lang/String;)V @ 377
Event: 22.854 Thread 0x00007ff7f4909800 Uncommon trap: reason=unstable_if action=reinterpret pc=0x000000011d87e5cc method=kr.ac.kaist.swrc.jhannanum.plugin.MajorPlugin.MorphAnalyzer.ChartMorphAnalyzer.Exp.rule_eomi_u(ILjava/lang/String;Ljava/lang/String;I)V @ 216
Event: 22.871 Thread 0x00007ff7f4909800 Uncommon trap: reason=unstable_if action=reinterpret pc=0x000000011d82a5b8 method=kr.ac.kaist.swrc.jhannanum.plugin.MajorPlugin.PosTagger.HmmPosTagger.PhraseTag.getPhraseTag([Ljava/lang/String;)Ljava/lang/String; @ 489
Event: 22.878 Thread 0x00007ff7f4909800 Uncommon trap: reason=unstable_if action=reinterpret pc=0x000000011d896b88 method=kr.ac.kaist.swrc.jhannanum.plugin.MajorPlugin.MorphAnalyzer.ChartMorphAnalyzer.Exp.rule_gut(ILjava/lang/String;Ljava/lang/String;I)V @ 54
Event: 22.881 Thread 0x00007ff7f4909800 Uncommon trap: reason=unstable_if action=reinterpret pc=0x000000011d8bd2f4 method=kr.ac.kaist.swrc.jhannanum.plugin.MajorPlugin.MorphAnalyzer.ChartMorphAnalyzer.Exp.rule_eomi_u(ILjava/lang/String;Ljava/lang/String;I)V @ 134
Event: 22.917 Thread 0x00007ff7f4909800 Uncommon trap: reason=unstable_if action=reinterpret pc=0x000000011d7a1f64 method=kr.ac.kaist.swrc.jhannanum.share.Code.toString([C)Ljava/lang/String; @ 329
Event: 23.042 Thread 0x00007ff7f4909800 Uncommon trap: reason=unstable_if action=reinterpret pc=0x000000011d8e68bc method=kr.ac.kaist.swrc.jhannanum.plugin.MajorPlugin.MorphAnalyzer.ChartMorphAnalyzer.Exp.rule_NP(ILjava/lang/String;Ljava/lang/String;)V @ 111
Event: 23.198 Thread 0x00007ff7f4909800 Uncommon trap: reason=unstable_if action=reinterpret pc=0x000000011d95db84 method=kr.ac.kaist.swrc.jhannanum.plugin.MajorPlugin.PosTagger.HmmPosTagger.PhraseTag.getPhraseTag([Ljava/lang/String;)Ljava/lang/String; @ 868

Classes redefined (0 events):
No events

Internal exceptions (8 events):
Event: 0.190 Thread 0x00007ff7f4909800 Exception <a 'java/lang/NoSuchMethodError': Method sun.misc.Unsafe.defineClass(Ljava/lang/String;[BII)Ljava/lang/Class; name or signature does not match> (0x00000007b0007cc0) thrown at [/jenkins/workspace/8-2-build-macosx-x86_64/jdk8u271/605/hotspot/src/s
Event: 0.191 Thread 0x00007ff7f4909800 Exception <a 'java/lang/NoSuchMethodError': Method sun.misc.Unsafe.prefetchRead(Ljava/lang/Object;J)V name or signature does not match> (0x00000007b0007fa8) thrown at [/jenkins/workspace/8-2-build-macosx-x86_64/jdk8u271/605/hotspot/src/share/vm/prims/jni.
Event: 15.874 Thread 0x00007ff7f4909800 Exception <a 'java/security/PrivilegedActionException'> (0x00000007b0043950) thrown at [/jenkins/workspace/8-2-build-macosx-x86_64/jdk8u271/605/hotspot/src/share/vm/prims/jvm.cpp, line 1512]
Event: 15.874 Thread 0x00007ff7f4909800 Exception <a 'java/security/PrivilegedActionException'> (0x00000007b0043d48) thrown at [/jenkins/workspace/8-2-build-macosx-x86_64/jdk8u271/605/hotspot/src/share/vm/prims/jvm.cpp, line 1512]
Event: 15.875 Thread 0x00007ff7f4909800 Exception <a 'java/security/PrivilegedActionException'> (0x00000007b0048588) thrown at [/jenkins/workspace/8-2-build-macosx-x86_64/jdk8u271/605/hotspot/src/share/vm/prims/jvm.cpp, line 1512]
Event: 15.875 Thread 0x00007ff7f4909800 Exception <a 'java/security/PrivilegedActionException'> (0x00000007b0048980) thrown at [/jenkins/workspace/8-2-build-macosx-x86_64/jdk8u271/605/hotspot/src/share/vm/prims/jvm.cpp, line 1512]
Event: 16.257 Thread 0x00007ff7f4909800 Implicit null exception at 0x000000011d503fb8 to 0x000000011d505521
Event: 20.985 Thread 0x00007ff7f4909800 Implicit null exception at 0x000000011d50fc24 to 0x000000011d51122d

Events (10 events):
Event: 23.042 Thread 0x00007ff7f4909800 DEOPT PACKING pc=0x000000011d8e68bc sp=0x00007ffee29bd320
Event: 23.042 Thread 0x00007ff7f4909800 DEOPT UNPACKING pc=0x000000011d1ea73a sp=0x00007ffee29bd2f0 mode 2
Event: 23.054 Thread 0x00007ff7f4909800 DEOPT PACKING pc=0x000000011d8211cb sp=0x00007ffee29bd380
Event: 23.054 Thread 0x00007ff7f4909800 DEOPT UNPACKING pc=0x000000011d1ec784 sp=0x00007ffee29bd218 mode 0
Event: 23.085 Executing VM operation: ParallelGCFailedAllocation
Event: 23.087 Executing VM operation: ParallelGCFailedAllocation done
Event: 23.198 Thread 0x00007ff7f4909800 Uncommon trap: trap_request=0xffffff65 fr.pc=0x000000011d95db84
Event: 23.198 Thread 0x00007ff7f4909800 DEOPT PACKING pc=0x000000011d95db84 sp=0x00007ffee29bd4a0
Event: 23.198 Thread 0x00007ff7f4909800 DEOPT UNPACKING pc=0x000000011d1ea73a sp=0x00007ffee29bd4b8 mode 2
Event: 10267.619 Thread 0x00007ff7f4fa7000 